C51 COMPILER V9.60.0.0   DELAY                                                             05/31/2023 11:20:10 PAGE 1   


C51 COMPILER V9.60.0.0, COMPILATION OF MODULE DELAY
OBJECT MODULE PLACED IN .\Objects\Delay.obj
COMPILER INVOKED BY: D:\Keil 5\MDK-ARM\C51\BIN\C51.EXE Delay.c OPTIMIZE(8,SPEED) BROWSE DEBUG OBJECTEXTEND PRINT(.\Listi
                    -ngs\Delay.lst) OBJECT(.\Objects\Delay.obj)

line level    source

   1          
   2          
   3          
   4          void Delay(unsigned int xms)            //自定义软件延时函数
   5          {
   6   1              unsigned char i, j;
   7   1              while(xms)
   8   1              {
   9   2                      i = 2;
  10   2                      j = 239;
  11   2                      do
  12   2                      {
  13   3                              while (--j);
  14   3                      } while (--i);
  15   2                      xms--;
  16   2              }
  17   1      }


MODULE INFORMATION:   STATIC OVERLAYABLE
   CODE SIZE        =     20    ----
   CONSTANT SIZE    =   ----    ----
   XDATA SIZE       =   ----    ----
   PDATA SIZE       =   ----    ----
   DATA SIZE        =   ----    ----
   IDATA SIZE       =   ----    ----
   BIT SIZE         =   ----    ----
END OF MODULE INFORMATION.


C51 COMPILATION COMPLETE.  0 WARNING(S),  0 ERROR(S)
