C51 COMPILER V9.60.0.0   MAIN                                                              05/31/2023 15:15:52 PAGE 1   


C51 COMPILER V9.60.0.0, COMPILATION OF MODULE MAIN
OBJECT MODULE PLACED IN .\Objects\main.obj
COMPILER INVOKED BY: D:\Keil 5\MDK-ARM\C51\BIN\C51.EXE main.c OPTIMIZE(8,SPEED) BROWSE DEBUG OBJECTEXTEND PRINT(.\Listin
                    -gs\main.lst) OBJECT(.\Objects\main.obj)

line level    source

   1          #include <regx52.h>
   2          #include  "delay.h"
   3          #include  "ds18b20.h"
   4          #include  "timer.h"
   5          #include  "lcd1602.h"
   6          #include  "tb6612.h"
   7          
   8          sbit STBY=P1^0;
   9          sbit PWMA=P1^1;
  10          sbit PWMB=P1^2;
  11          sbit AIN1=P1^3;
  12          sbit AIN2=P1^4;
  13          sbit BIN1=P1^5;
  14          sbit BIN2=P1^6;
  15          
  16          
  17          float temp;   //全局可调用的即时温度
  18          int temp_target=45;             //目标温度
  19          void main()
  20          {   
  21   1              DS18B20_ConvertT();     
  22   1              Delay(1000);       
  23   1              LCD_Init();    //初始化LCD
  24   1              LCD_ShowString(1,1,"TEMP:");
  25   1              LCD_ShowChar(1,7,'+');
  26   1              LCD_ShowString(2,1,"Target:+");
  27   1              LCD_ShowNum(2,9,temp_target,2);
  28   1              LCD_ShowString(2,11,"C");
  29   1              LCD_ShowString(1,16,"C");
  30   1              TB6612_Init();          //初始化电机驱动芯片
  31   1              
  32   1              
  33   1              
  34   1              while(1)
  35   1              {
  36   2                      DS18B20_ConvertT(); 
  37   2                      temp=DS18B20_ReadT();
  38   2                      LCD_ShowChar(1,11,'.');
  39   2                      LCD_ShowNum(1,8,temp,3);
  40   2                      LCD_ShowNum(1,12,(unsigned long)(temp*10000)%10000,4);
  41   2                              if(temp_target-temp>0.2)                        //向上接近目标温度，开始加热,风扇停
  42   2                              {
  43   3                                      Gate1_Start();
  44   3                                      Gate2_Stop();                           
  45   3                              }
  46   2                              else if(temp_target-temp<-0.3)  //向下接近目标温度，停止加热，风扇开
  47   2                              {
  48   3                                      Gate1_Stop();
  49   3                                      Gate2_Start();
  50   3                              }
  51   2                              else
  52   2                              {       
  53   3                                      Gate1_Stop();
  54   3                                      Gate2_Stop();
C51 COMPILER V9.60.0.0   MAIN                                                              05/31/2023 15:15:52 PAGE 2   

  55   3                              }
  56   2              }
  57   1      }
  58          
  59          
  60          
  61          unsigned char counter0,counter1;                //声明计数器
  62          unsigned char percent0=35;       //占空比65%
  63          unsigned char percent1=80;       //占空比20%
  64          
  65          
  66          
  67          void Timer0_routine() interrupt 1  //定时器输出PWMA信号 @1kHz           
  68          {
  69   1              
  70   1              TL0=0x9C;               //PWM@1kHz
  71   1              TH0=0xFF;
  72   1              counter0++;
  73   1              counter0%=100;
  74   1              if(counter0<percent0)
  75   1              {       
  76   2                      PWMA=1;
  77   2              }
  78   1              else
  79   1              {
  80   2                      PWMA=0;
  81   2              }
  82   1      }
  83          
  84          
  85          void Timer1_routine() interrupt 2  //定时器输出PWMB信号 @100kHz         
  86          {
  87   1              
  88   1              TL1=0xF5;               //PWM@100kHz
  89   1              TH1=0xFF;
  90   1              counter1++;
  91   1              counter1%=100;
  92   1              if(counter1<percent1)
  93   1              {       
  94   2                      PWMB=1;
  95   2              }
  96   1              else
  97   1              {
  98   2                      PWMB=0;
  99   2              }
 100   1      }
 101          
 102          
 103                          
 104                  
 105                          


MODULE INFORMATION:   STATIC OVERLAYABLE
   CODE SIZE        =    360    ----
   CONSTANT SIZE    =     17    ----
   XDATA SIZE       =   ----    ----
   PDATA SIZE       =   ----    ----
   DATA SIZE        =     10    ----
   IDATA SIZE       =   ----    ----
   BIT SIZE         =   ----    ----
END OF MODULE INFORMATION.

C51 COMPILER V9.60.0.0   MAIN                                                              05/31/2023 15:15:52 PAGE 3   


C51 COMPILATION COMPLETE.  0 WARNING(S),  0 ERROR(S)
