C51 COMPILER V9.60.0.0   NIXIE                                                             10/14/2022 17:09:25 PAGE 1   


C51 COMPILER V9.60.0.0, COMPILATION OF MODULE NIXIE
OBJECT MODULE PLACED IN .\Objects\Nixie.obj
COMPILER INVOKED BY: C:\Keil_v5\C51\BIN\C51.EXE Nixie.c OPTIMIZE(8,SPEED) BROWSE DEBUG OBJECTEXTEND PRINT(.\Listings\Nix
                    -ie.lst) OBJECT(.\Objects\Nixie.obj)

line level    source

   1          #include <regx52.h>
   2          #include "delay.h"
   3          unsigned char NixieTable[]={0x3f,0x06,0x5b,0x4f,0x66,0x6D,0x7D,0x07,0x7F,0x6F};    //LED数字段码
   4          
   5          void Nixie(unsigned char location,number)
   6          {
   7   1              switch(location)                                                //LED位码
   8   1              {
   9   2                      case 1:P2_4=1;P2_3=1;P2_2=1;break;//1
  10   2                      case 2:P2_4=1;P2_3=1;P2_2=0;break;//2
  11   2                      case 3:P2_4=1;P2_3=0;P2_2=1;break;//3
  12   2                      case 4:P2_4=1;P2_3=1;P2_2=0;break;//4
  13   2                      case 5:P2_4=0;P2_3=1;P2_2=1;break;//5
  14   2                      case 6:P2_4=0;P2_3=1;P2_2=0;break;//6
  15   2                      case 7:P2_4=0;P2_3=0;P2_2=1;break;//7
  16   2                      case 8:P2_4=0;P2_3=0;P2_2=0;break;//8
  17   2              }
  18   1              P0=NixieTable[number];
  19   1              Delay(1);
  20   1              P0=0x00;                        //LED消影
  21   1      }


MODULE INFORMATION:   STATIC OVERLAYABLE
   CODE SIZE        =    107    ----
   CONSTANT SIZE    =   ----    ----
   XDATA SIZE       =   ----    ----
   PDATA SIZE       =   ----    ----
   DATA SIZE        =     10    ----
   IDATA SIZE       =   ----    ----
   BIT SIZE         =   ----    ----
END OF MODULE INFORMATION.


C51 COMPILATION COMPLETE.  0 WARNING(S),  0 ERROR(S)
