C51 COMPILER V9.60.0.0   TIMER                                                             05/31/2023 11:20:10 PAGE 1   


C51 COMPILER V9.60.0.0, COMPILATION OF MODULE TIMER
OBJECT MODULE PLACED IN .\Objects\timer.obj
COMPILER INVOKED BY: D:\Keil 5\MDK-ARM\C51\BIN\C51.EXE timer.c OPTIMIZE(8,SPEED) BROWSE DEBUG OBJECTEXTEND PRINT(.\Listi
                    -ngs\timer.lst) OBJECT(.\Objects\timer.obj)

line level    source

   1          #include <REGX52.H>
   2          
   3          
   4          void Timer1_Init(void)          //10微秒@12.000MHz
   5          {
   6   1              TMOD=0x11;              //设置定时器模式
   7   1              TL1 = 0xF6;             //设置定时初值
   8   1              TH1 = 0xFF;             //设置定时初值
   9   1              TF1 = 0;                //清除TF1标志
  10   1              TR1 = 1;                //定时器1开始计时
  11   1              ET1=1;
  12   1              PT1=0;
  13   1              EA=1;
  14   1      
  15   1      
  16   1      }
  17          void Timer0_Init(void)          //1毫秒@12.000MHz
  18          {
  19   1              TMOD=0x11;              //设置定时器模式
  20   1              TL0 = 0x18;             //设置定时初值
  21   1              TH0 = 0xFC;             //设置定时初值
  22   1              TF0 = 0;                //清除TF0标志
  23   1              TR0 = 1;                //定时器0开始计时
  24   1              ET0=1;
  25   1              PT0=0;
  26   1              EA=1;
  27   1      }
  28          


MODULE INFORMATION:   STATIC OVERLAYABLE
   CODE SIZE        =     40    ----
   CONSTANT SIZE    =   ----    ----
   XDATA SIZE       =   ----    ----
   PDATA SIZE       =   ----    ----
   DATA SIZE        =   ----    ----
   IDATA SIZE       =   ----    ----
   BIT SIZE         =   ----    ----
END OF MODULE INFORMATION.


C51 COMPILATION COMPLETE.  0 WARNING(S),  0 ERROR(S)
