C51 COMPILER V9.60.0.0   WIRE_DQ                                                           05/31/2023 11:20:10 PAGE 1   


C51 COMPILER V9.60.0.0, COMPILATION OF MODULE WIRE_DQ
OBJECT MODULE PLACED IN .\Objects\Wire_DQ.obj
COMPILER INVOKED BY: D:\Keil 5\MDK-ARM\C51\BIN\C51.EXE Wire_DQ.c OPTIMIZE(8,SPEED) BROWSE DEBUG OBJECTEXTEND PRINT(.\Lis
                    -tings\Wire_DQ.lst) OBJECT(.\Objects\Wire_DQ.obj)

line level    source

   1          #include <regx52.h>
   2          
   3          
   4          sbit Wire_DQ = P3^7;
   5          
   6          unsigned char WireDQ_Init(void)         //初始化
   7          {
   8   1              unsigned char i;
   9   1              unsigned char ackbit;
  10   1              Wire_DQ=1;
  11   1              Wire_DQ=0;
  12   1              i=247;while(--i);      //delay 500us
  13   1              Wire_DQ=1;
  14   1              i=32;while(--i);       //delay 70us
  15   1              ackbit=Wire_DQ;
  16   1              i=247;while(--i);      //delay 500us
  17   1              return ackbit;
  18   1      }
  19          
  20          
  21          void WireDQ_SendBit(unsigned char Bit)   //时序：发送一位
  22          {
  23   1              unsigned char i;
  24   1              Wire_DQ=0;
  25   1              i=4;while(--i);     //delay 10us
  26   1              Wire_DQ=Bit;
  27   1              i=24;while(--i);    //dalay 50us
  28   1              Wire_DQ=1;
  29   1      }
  30          
  31          
  32          unsigned char WireDQ_ReceiveBit(void)           //时序：接受一位
  33          {
  34   1              unsigned char i;
  35   1              unsigned char Bit;
  36   1              Wire_DQ=0;
  37   1              i=2;while(--i);     //delay 5us
  38   1              Wire_DQ=1;
  39   1              i=2;while(--i);         //delay 5us
  40   1              Bit=Wire_DQ;
  41   1              i=24;while(--i);        //delay 50us
  42   1              return Bit;
  43   1      }
  44          
  45          void WireDQ_SendByte(unsigned char Byte)                //发送一个字节
  46          {
  47   1              
  48   1              unsigned char i;
  49   1              for(i=0;i<8;i++)
  50   1              {
  51   2                      WireDQ_SendBit(Byte&0x01<<i);
  52   2              }
  53   1      }
  54          
C51 COMPILER V9.60.0.0   WIRE_DQ                                                           05/31/2023 11:20:10 PAGE 2   

  55          unsigned char WireDQ_ReceiveByte(void)          //接受一个字节
  56          {
  57   1              unsigned char i;
  58   1              unsigned char Byte=0x00;
  59   1              for(i=0;i<8;i++)
  60   1              {
  61   2                      if(WireDQ_ReceiveBit())
  62   2                      {
  63   3                              Byte|=(0x01<<i);
  64   3                      }
  65   2              }
  66   1              return Byte;
  67   1      }
  68          
  69          
  70          
  71                  


MODULE INFORMATION:   STATIC OVERLAYABLE
   CODE SIZE        =    140    ----
   CONSTANT SIZE    =   ----    ----
   XDATA SIZE       =   ----    ----
   PDATA SIZE       =   ----    ----
   DATA SIZE        =   ----    ----
   IDATA SIZE       =   ----    ----
   BIT SIZE         =   ----    ----
END OF MODULE INFORMATION.


C51 COMPILATION COMPLETE.  0 WARNING(S),  0 ERROR(S)
